execve("./empty", ["./empty"], 0x7ffdd69e5c00 /* 53 vars */) = 0
brk(NULL)                               = 0x366e000
access("/etc/ld.so.preload", R_OK)      = -1 ENOENT (No such file or directory)
openat(AT_FDCWD, "/etc/ld.so.cache", O_RDONLY|O_CLOEXEC) = 3
fstat(3, {st_mode=S_IFREG|0644, st_size=71635, ...}) = 0
mmap(NULL, 71635, PROT_READ, MAP_PRIVATE, 3, 0) = 0x7f2c18074000
close(3)                                = 0
openat(AT_FDCWD, "/lib64/libc.so.6", O_RDONLY|O_CLOEXEC) = 3
read(3, "\177ELF\2\1\1\3\0\0\0\0\0\0\0\0\3\0>\0\1\0\0\0`\242\2\0\0\0\0\0"..., 832) = 832
pread64(3, "\6\0\0\0\4\0\0\0@\0\0\0\0\0\0\0@\0\0\0\0\0\0\0@\0\0\0\0\0\0\0"..., 784, 64) = 784
fstat(3, {st_mode=S_IFREG|0755, st_size=2440376, ...}) = 0
mmap(NULL, 8192, PROT_READ|PROT_WRITE, MAP_PRIVATE|MAP_ANONYMOUS, -1, 0) = 0x7f2c18072000
pread64(3, "\6\0\0\0\4\0\0\0@\0\0\0\0\0\0\0@\0\0\0\0\0\0\0@\0\0\0\0\0\0\0"..., 784, 64) = 784
mmap(NULL, 2034544, PROT_READ, MAP_PRIVATE|MAP_DENYWRITE, 3, 0) = 0x7f2c17e81000
mmap(0x7f2c17ea9000, 1495040, PROT_READ|PROT_EXEC, MAP_PRIVATE|MAP_FIXED|MAP_DENYWRITE, 3, 0x28000) = 0x7f2c17ea9000
mmap(0x7f2c18016000, 319488, PROT_READ, MAP_PRIVATE|MAP_FIXED|MAP_DENYWRITE, 3, 0x195000) = 0x7f2c18016000
mmap(0x7f2c18064000, 24576, PROT_READ|PROT_WRITE, MAP_PRIVATE|MAP_FIXED|MAP_DENYWRITE, 3, 0x1e2000) = 0x7f2c18064000
mmap(0x7f2c1806a000, 31600, PROT_READ|PROT_WRITE, MAP_PRIVATE|MAP_FIXED|MAP_ANONYMOUS, -1, 0) = 0x7f2c1806a000
close(3)                                = 0
mmap(NULL, 12288, PROT_READ|PROT_WRITE, MAP_PRIVATE|MAP_ANONYMOUS, -1, 0) = 0x7f2c17e7e000
arch_prctl(ARCH_SET_FS, 0x7f2c17e7e740) = 0
set_tid_address(0x7f2c17e7ea10)         = 1642368
set_robust_list(0x7f2c17e7ea20, 24)     = 0
rseq(0x7f2c17e7f060, 0x20, 0, 0x53053053) = 0
mprotect(0x7f2c18064000, 16384, PROT_READ) = 0
mprotect(0x403000, 4096, PROT_READ)     = 0
mprotect(0x7f2c180bf000, 8192, PROT_READ) = 0
prlimit64(0, RLIMIT_STACK, NULL, {rlim_cur=8192*1024, rlim_max=RLIM64_INFINITY}) = 0
munmap(0x7f2c18074000, 71635)           = 0
exit_group(0)                           = ?
+++ exited with 0 +++
